Build started 2011/10/16 17:09:49.
     1>Project "F:\CIS560\Homework2\homework2\homework2.vcxproj" on node 2 (build target(s)).
     1>InitializeBuildStatus:
         Creating "Debug\homework2.unsuccessfulbuild" because "AlwaysCreate" was specified.
       ClCompile:
         D:\Program Files\Microsoft Visual Studio 10.0\VC\bin\CL.exe /c /ZI /nologo /W3 /WX- /Od /Oy- /D WIN32 /D _DEBUG /D _CONSOLE /D _UNICODE /D UNICODE /Gm /EHsc /RTC1 /MDd /GS /fp:precise /Zc:wchar_t /Zc:forScope /Fo"Debug\\" /Fd"Debug\vc100.pdb" /Gd /TP /analyze- /errorReport:prompt main.cpp
         main.cpp
       ManifestResourceCompile:
         All outputs are up-to-date.
       Link:
         D:\Program Files\Microsoft Visual Studio 10.0\VC\bin\link.exe /ERRORREPORT:PROMPT /OUT:"F:\CIS560\Homework2\Debug\homework2.exe" /INCREMENTAL /NOLOGO kernel32.lib user32.lib gdi32.lib winspool.lib comdlg32.lib advapi32.lib shell32.lib ole32.lib oleaut32.lib uuid.lib odbc32.lib odbccp32.lib /MANIFEST /ManifestFile:"Debug\homework2.exe.intermediate.manifest" /MANIFESTUAC:"level='asInvoker' uiAccess='false'" /DEBUG /PDB:"F:\CIS560\Homework2\Debug\homework2.pdb" /SUBSYSTEM:CONSOLE /TLBID:1 /DYNAMICBASE /NXCOMPAT /IMPLIB:"F:\CIS560\Homework2\Debug\homework2.lib" /MACHINE:X86 Debug\homework2.exe.embed.manifest.res
         Debug\EasyBMP.obj
         Debug\main.obj
         Debug\nomalSimulation.obj
         Debug\perlin.obj
         Debug\point.obj
         Debug\voxel.obj
       Manifest:
         D:\Program Files\Microsoft SDKs\Windows\v7.0A\bin\mt.exe /nologo /verbose /out:"Debug\homework2.exe.embed.manifest" /manifest Debug\homework2.exe.intermediate.manifest
         All outputs are up-to-date.
       LinkEmbedManifest:
         All outputs are up-to-date.
         homework2.vcxproj -> F:\CIS560\Homework2\Debug\homework2.exe
       FinalizeBuildStatus:
         Deleting file "Debug\homework2.unsuccessfulbuild".
         Touching "Debug\homework2.lastbuildstate".
     1>Done Building Project "F:\CIS560\Homework2\homework2\homework2.vcxproj" (build target(s)).

Build succeeded.

Time Elapsed 00:00:06.08
